Creating x86_64 directory for .o files.

/projects/ps-nsg/home/nsguser/ngbw/workspace/NGBW-JOB-NEURON74_TG-FECDF753B06342749EFFB60794E00886/BLA_for_NSG_extrinsic_invivo_QW_disdelay_multielec_forNSG
mod_nsgportal/bg2pyr.mod mod_nsgportal/cadyn.mod mod_nsgportal/cal2.mod mod_nsgportal/ca.mod mod_nsgportal/capool.mod mod_nsgportal/function_TMonitor.mod mod_nsgportal/gap.mod mod_nsgportal/Gfluct_new_exc.mod mod_nsgportal/Gfluct_new_inh.mod mod_nsgportal/h.mod mod_nsgportal/im.mod mod_nsgportal/interD2interD_STFD_new.mod mod_nsgportal/interD2pyrD_STFD_new.mod mod_nsgportal/kadist.mod mod_nsgportal/kaprox.mod mod_nsgportal/kdrca1DA.mod mod_nsgportal/kdrca1.mod mod_nsgportal/kdrinter.mod mod_nsgportal/leakDA.mod mod_nsgportal/leakinter.mod mod_nsgportal/leak.mod mod_nsgportal/na3DA.mod mod_nsgportal/na3.mod mod_nsgportal/nainter.mod mod_nsgportal/nap.mod mod_nsgportal/nat.mod mod_nsgportal/pyrD2interD_STFD.mod mod_nsgportal/pyrD2pyrD_STFD_new.mod mod_nsgportal/sahp.mod mod_nsgportal/sahpNE.mod mod_nsgportal/vecevent.mod mod_nsgportal/xtra_imemrec.mod mod_nsgportal/xtra.mod
bg2pyr.mod cadyn.mod cal2.mod ca.mod capool.mod function_TMonitor.mod gap.mod Gfluct_new_exc.mod Gfluct_new_inh.mod h.mod im.mod interD2interD_STFD_new.mod interD2pyrD_STFD_new.mod kadist.mod kaprox.mod kdrca1DA.mod kdrca1.mod kdrinter.mod leakDA.mod leakinter.mod leak.mod na3DA.mod na3.mod nainter.mod nap.mod nat.mod pyrD2interD_STFD.mod pyrD2pyrD_STFD_new.mod sahp.mod sahpNE.mod vecevent.mod xtra_imemrec.mod xtra.mod
"/projects/ps-nsg/home/nsguser/applications/neuron7.4/installdir/x86_64/bin/nocmodl" bg2pyr
"/projects/ps-nsg/home/nsguser/applications/neuron7.4/installdir/share/nrn/libtool" --tag=CC --mode=compile mpicc -DHAVE_CONFIG_H  -I. -I.. -I"/projects/ps-nsg/home/nsguser/applications/neuron7.4/installdir/include/nrn" -I"/projects/ps-nsg/home/nsguser/applications/neuron7.4/installdir/x86_64/lib"      -g -O2 -c -o bg2pyr.lo bg2pyr.c
libtool: compile:  mpicc -DHAVE_CONFIG_H -I. -I.. -I/projects/ps-nsg/home/nsguser/applications/neuron7.4/installdir/include/nrn -I/projects/ps-nsg/home/nsguser/applications/neuron7.4/installdir/x86_64/lib -g -O2 -c bg2pyr.c  -fPIC -DPIC -o .libs/bg2pyr.o
"/projects/ps-nsg/home/nsguser/applications/neuron7.4/installdir/x86_64/bin/nocmodl" cadyn
"/projects/ps-nsg/home/nsguser/applications/neuron7.4/installdir/share/nrn/libtool" --tag=CC --mode=compile mpicc -DHAVE_CONFIG_H  -I. -I.. -I"/projects/ps-nsg/home/nsguser/applications/neuron7.4/installdir/include/nrn" -I"/projects/ps-nsg/home/nsguser/applications/neuron7.4/installdir/x86_64/lib"      -g -O2 -c -o cadyn.lo cadyn.c
libtool: compile:  mpicc -DHAVE_CONFIG_H -I. -I.. -I/projects/ps-nsg/home/nsguser/applications/neuron7.4/installdir/include/nrn -I/projects/ps-nsg/home/nsguser/applications/neuron7.4/installdir/x86_64/lib -g -O2 -c cadyn.c  -fPIC -DPIC -o .libs/cadyn.o
"/projects/ps-nsg/home/nsguser/applications/neuron7.4/installdir/x86_64/bin/nocmodl" cal2
"/projects/ps-nsg/home/nsguser/applications/neuron7.4/installdir/share/nrn/libtool" --tag=CC --mode=compile mpicc -DHAVE_CONFIG_H  -I. -I.. -I"/projects/ps-nsg/home/nsguser/applications/neuron7.4/installdir/include/nrn" -I"/projects/ps-nsg/home/nsguser/applications/neuron7.4/installdir/x86_64/lib"      -g -O2 -c -o cal2.lo cal2.c
libtool: compile:  mpicc -DHAVE_CONFIG_H -I. -I.. -I/projects/ps-nsg/home/nsguser/applications/neuron7.4/installdir/include/nrn -I/projects/ps-nsg/home/nsguser/applications/neuron7.4/installdir/x86_64/lib -g -O2 -c cal2.c  -fPIC -DPIC -o .libs/cal2.o
"/projects/ps-nsg/home/nsguser/applications/neuron7.4/installdir/x86_64/bin/nocmodl" ca
"/projects/ps-nsg/home/nsguser/applications/neuron7.4/installdir/share/nrn/libtool" --tag=CC --mode=compile mpicc -DHAVE_CONFIG_H  -I. -I.. -I"/projects/ps-nsg/home/nsguser/applications/neuron7.4/installdir/include/nrn" -I"/projects/ps-nsg/home/nsguser/applications/neuron7.4/installdir/x86_64/lib"      -g -O2 -c -o ca.lo ca.c
libtool: compile:  mpicc -DHAVE_CONFIG_H -I. -I.. -I/projects/ps-nsg/home/nsguser/applications/neuron7.4/installdir/include/nrn -I/projects/ps-nsg/home/nsguser/applications/neuron7.4/installdir/x86_64/lib -g -O2 -c ca.c  -fPIC -DPIC -o .libs/ca.o
"/projects/ps-nsg/home/nsguser/applications/neuron7.4/installdir/x86_64/bin/nocmodl" capool
"/projects/ps-nsg/home/nsguser/applications/neuron7.4/installdir/share/nrn/libtool" --tag=CC --mode=compile mpicc -DHAVE_CONFIG_H  -I. -I.. -I"/projects/ps-nsg/home/nsguser/applications/neuron7.4/installdir/include/nrn" -I"/projects/ps-nsg/home/nsguser/applications/neuron7.4/installdir/x86_64/lib"      -g -O2 -c -o capool.lo capool.c
libtool: compile:  mpicc -DHAVE_CONFIG_H -I. -I.. -I/projects/ps-nsg/home/nsguser/applications/neuron7.4/installdir/include/nrn -I/projects/ps-nsg/home/nsguser/applications/neuron7.4/installdir/x86_64/lib -g -O2 -c capool.c  -fPIC -DPIC -o .libs/capool.o
"/projects/ps-nsg/home/nsguser/applications/neuron7.4/installdir/x86_64/bin/nocmodl" function_TMonitor
"/projects/ps-nsg/home/nsguser/applications/neuron7.4/installdir/share/nrn/libtool" --tag=CC --mode=compile mpicc -DHAVE_CONFIG_H  -I. -I.. -I"/projects/ps-nsg/home/nsguser/applications/neuron7.4/installdir/include/nrn" -I"/projects/ps-nsg/home/nsguser/applications/neuron7.4/installdir/x86_64/lib"      -g -O2 -c -o function_TMonitor.lo function_TMonitor.c
libtool: compile:  mpicc -DHAVE_CONFIG_H -I. -I.. -I/projects/ps-nsg/home/nsguser/applications/neuron7.4/installdir/include/nrn -I/projects/ps-nsg/home/nsguser/applications/neuron7.4/installdir/x86_64/lib -g -O2 -c function_TMonitor.c  -fPIC -DPIC -o .libs/function_TMonitor.o
"/projects/ps-nsg/home/nsguser/applications/neuron7.4/installdir/x86_64/bin/nocmodl" gap
"/projects/ps-nsg/home/nsguser/applications/neuron7.4/installdir/share/nrn/libtool" --tag=CC --mode=compile mpicc -DHAVE_CONFIG_H  -I. -I.. -I"/projects/ps-nsg/home/nsguser/applications/neuron7.4/installdir/include/nrn" -I"/projects/ps-nsg/home/nsguser/applications/neuron7.4/installdir/x86_64/lib"      -g -O2 -c -o gap.lo gap.c
libtool: compile:  mpicc -DHAVE_CONFIG_H -I. -I.. -I/projects/ps-nsg/home/nsguser/applications/neuron7.4/installdir/include/nrn -I/projects/ps-nsg/home/nsguser/applications/neuron7.4/installdir/x86_64/lib -g -O2 -c gap.c  -fPIC -DPIC -o .libs/gap.o
"/projects/ps-nsg/home/nsguser/applications/neuron7.4/installdir/x86_64/bin/nocmodl" Gfluct_new_exc
"/projects/ps-nsg/home/nsguser/applications/neuron7.4/installdir/share/nrn/libtool" --tag=CC --mode=compile mpicc -DHAVE_CONFIG_H  -I. -I.. -I"/projects/ps-nsg/home/nsguser/applications/neuron7.4/installdir/include/nrn" -I"/projects/ps-nsg/home/nsguser/applications/neuron7.4/installdir/x86_64/lib"      -g -O2 -c -o Gfluct_new_exc.lo Gfluct_new_exc.c
libtool: compile:  mpicc -DHAVE_CONFIG_H -I. -I.. -I/projects/ps-nsg/home/nsguser/applications/neuron7.4/installdir/include/nrn -I/projects/ps-nsg/home/nsguser/applications/neuron7.4/installdir/x86_64/lib -g -O2 -c Gfluct_new_exc.c  -fPIC -DPIC -o .libs/Gfluct_new_exc.o
"/projects/ps-nsg/home/nsguser/applications/neuron7.4/installdir/x86_64/bin/nocmodl" Gfluct_new_inh
"/projects/ps-nsg/home/nsguser/applications/neuron7.4/installdir/share/nrn/libtool" --tag=CC --mode=compile mpicc -DHAVE_CONFIG_H  -I. -I.. -I"/projects/ps-nsg/home/nsguser/applications/neuron7.4/installdir/include/nrn" -I"/projects/ps-nsg/home/nsguser/applications/neuron7.4/installdir/x86_64/lib"      -g -O2 -c -o Gfluct_new_inh.lo Gfluct_new_inh.c
libtool: compile:  mpicc -DHAVE_CONFIG_H -I. -I.. -I/projects/ps-nsg/home/nsguser/applications/neuron7.4/installdir/include/nrn -I/projects/ps-nsg/home/nsguser/applications/neuron7.4/installdir/x86_64/lib -g -O2 -c Gfluct_new_inh.c  -fPIC -DPIC -o .libs/Gfluct_new_inh.o
"/projects/ps-nsg/home/nsguser/applications/neuron7.4/installdir/x86_64/bin/nocmodl" h
"/projects/ps-nsg/home/nsguser/applications/neuron7.4/installdir/share/nrn/libtool" --tag=CC --mode=compile mpicc -DHAVE_CONFIG_H  -I. -I.. -I"/projects/ps-nsg/home/nsguser/applications/neuron7.4/installdir/include/nrn" -I"/projects/ps-nsg/home/nsguser/applications/neuron7.4/installdir/x86_64/lib"      -g -O2 -c -o h.lo h.c
libtool: compile:  mpicc -DHAVE_CONFIG_H -I. -I.. -I/projects/ps-nsg/home/nsguser/applications/neuron7.4/installdir/include/nrn -I/projects/ps-nsg/home/nsguser/applications/neuron7.4/installdir/x86_64/lib -g -O2 -c h.c  -fPIC -DPIC -o .libs/h.o
"/projects/ps-nsg/home/nsguser/applications/neuron7.4/installdir/x86_64/bin/nocmodl" im
"/projects/ps-nsg/home/nsguser/applications/neuron7.4/installdir/share/nrn/libtool" --tag=CC --mode=compile mpicc -DHAVE_CONFIG_H  -I. -I.. -I"/projects/ps-nsg/home/nsguser/applications/neuron7.4/installdir/include/nrn" -I"/projects/ps-nsg/home/nsguser/applications/neuron7.4/installdir/x86_64/lib"      -g -O2 -c -o im.lo im.c
libtool: compile:  mpicc -DHAVE_CONFIG_H -I. -I.. -I/projects/ps-nsg/home/nsguser/applications/neuron7.4/installdir/include/nrn -I/projects/ps-nsg/home/nsguser/applications/neuron7.4/installdir/x86_64/lib -g -O2 -c im.c  -fPIC -DPIC -o .libs/im.o
"/projects/ps-nsg/home/nsguser/applications/neuron7.4/installdir/x86_64/bin/nocmodl" interD2interD_STFD_new
"/projects/ps-nsg/home/nsguser/applications/neuron7.4/installdir/share/nrn/libtool" --tag=CC --mode=compile mpicc -DHAVE_CONFIG_H  -I. -I.. -I"/projects/ps-nsg/home/nsguser/applications/neuron7.4/installdir/include/nrn" -I"/projects/ps-nsg/home/nsguser/applications/neuron7.4/installdir/x86_64/lib"      -g -O2 -c -o interD2interD_STFD_new.lo interD2interD_STFD_new.c
libtool: compile:  mpicc -DHAVE_CONFIG_H -I. -I.. -I/projects/ps-nsg/home/nsguser/applications/neuron7.4/installdir/include/nrn -I/projects/ps-nsg/home/nsguser/applications/neuron7.4/installdir/x86_64/lib -g -O2 -c interD2interD_STFD_new.c  -fPIC -DPIC -o .libs/interD2interD_STFD_new.o
"/projects/ps-nsg/home/nsguser/applications/neuron7.4/installdir/x86_64/bin/nocmodl" interD2pyrD_STFD_new
"/projects/ps-nsg/home/nsguser/applications/neuron7.4/installdir/share/nrn/libtool" --tag=CC --mode=compile mpicc -DHAVE_CONFIG_H  -I. -I.. -I"/projects/ps-nsg/home/nsguser/applications/neuron7.4/installdir/include/nrn" -I"/projects/ps-nsg/home/nsguser/applications/neuron7.4/installdir/x86_64/lib"      -g -O2 -c -o interD2pyrD_STFD_new.lo interD2pyrD_STFD_new.c
libtool: compile:  mpicc -DHAVE_CONFIG_H -I. -I.. -I/projects/ps-nsg/home/nsguser/applications/neuron7.4/installdir/include/nrn -I/projects/ps-nsg/home/nsguser/applications/neuron7.4/installdir/x86_64/lib -g -O2 -c interD2pyrD_STFD_new.c  -fPIC -DPIC -o .libs/interD2pyrD_STFD_new.o
"/projects/ps-nsg/home/nsguser/applications/neuron7.4/installdir/x86_64/bin/nocmodl" kadist
"/projects/ps-nsg/home/nsguser/applications/neuron7.4/installdir/share/nrn/libtool" --tag=CC --mode=compile mpicc -DHAVE_CONFIG_H  -I. -I.. -I"/projects/ps-nsg/home/nsguser/applications/neuron7.4/installdir/include/nrn" -I"/projects/ps-nsg/home/nsguser/applications/neuron7.4/installdir/x86_64/lib"      -g -O2 -c -o kadist.lo kadist.c
libtool: compile:  mpicc -DHAVE_CONFIG_H -I. -I.. -I/projects/ps-nsg/home/nsguser/applications/neuron7.4/installdir/include/nrn -I/projects/ps-nsg/home/nsguser/applications/neuron7.4/installdir/x86_64/lib -g -O2 -c kadist.c  -fPIC -DPIC -o .libs/kadist.o
"/projects/ps-nsg/home/nsguser/applications/neuron7.4/installdir/x86_64/bin/nocmodl" kaprox
"/projects/ps-nsg/home/nsguser/applications/neuron7.4/installdir/share/nrn/libtool" --tag=CC --mode=compile mpicc -DHAVE_CONFIG_H  -I. -I.. -I"/projects/ps-nsg/home/nsguser/applications/neuron7.4/installdir/include/nrn" -I"/projects/ps-nsg/home/nsguser/applications/neuron7.4/installdir/x86_64/lib"      -g -O2 -c -o kaprox.lo kaprox.c
libtool: compile:  mpicc -DHAVE_CONFIG_H -I. -I.. -I/projects/ps-nsg/home/nsguser/applications/neuron7.4/installdir/include/nrn -I/projects/ps-nsg/home/nsguser/applications/neuron7.4/installdir/x86_64/lib -g -O2 -c kaprox.c  -fPIC -DPIC -o .libs/kaprox.o
"/projects/ps-nsg/home/nsguser/applications/neuron7.4/installdir/x86_64/bin/nocmodl" kdrca1DA
"/projects/ps-nsg/home/nsguser/applications/neuron7.4/installdir/share/nrn/libtool" --tag=CC --mode=compile mpicc -DHAVE_CONFIG_H  -I. -I.. -I"/projects/ps-nsg/home/nsguser/applications/neuron7.4/installdir/include/nrn" -I"/projects/ps-nsg/home/nsguser/applications/neuron7.4/installdir/x86_64/lib"      -g -O2 -c -o kdrca1DA.lo kdrca1DA.c
libtool: compile:  mpicc -DHAVE_CONFIG_H -I. -I.. -I/projects/ps-nsg/home/nsguser/applications/neuron7.4/installdir/include/nrn -I/projects/ps-nsg/home/nsguser/applications/neuron7.4/installdir/x86_64/lib -g -O2 -c kdrca1DA.c  -fPIC -DPIC -o .libs/kdrca1DA.o
"/projects/ps-nsg/home/nsguser/applications/neuron7.4/installdir/x86_64/bin/nocmodl" kdrca1
"/projects/ps-nsg/home/nsguser/applications/neuron7.4/installdir/share/nrn/libtool" --tag=CC --mode=compile mpicc -DHAVE_CONFIG_H  -I. -I.. -I"/projects/ps-nsg/home/nsguser/applications/neuron7.4/installdir/include/nrn" -I"/projects/ps-nsg/home/nsguser/applications/neuron7.4/installdir/x86_64/lib"      -g -O2 -c -o kdrca1.lo kdrca1.c
libtool: compile:  mpicc -DHAVE_CONFIG_H -I. -I.. -I/projects/ps-nsg/home/nsguser/applications/neuron7.4/installdir/include/nrn -I/projects/ps-nsg/home/nsguser/applications/neuron7.4/installdir/x86_64/lib -g -O2 -c kdrca1.c  -fPIC -DPIC -o .libs/kdrca1.o
"/projects/ps-nsg/home/nsguser/applications/neuron7.4/installdir/x86_64/bin/nocmodl" kdrinter
Warning: Default -80 of PARAMETER ek will be ignored and set by NEURON.
"/projects/ps-nsg/home/nsguser/applications/neuron7.4/installdir/share/nrn/libtool" --tag=CC --mode=compile mpicc -DHAVE_CONFIG_H  -I. -I.. -I"/projects/ps-nsg/home/nsguser/applications/neuron7.4/installdir/include/nrn" -I"/projects/ps-nsg/home/nsguser/applications/neuron7.4/installdir/x86_64/lib"      -g -O2 -c -o kdrinter.lo kdrinter.c
libtool: compile:  mpicc -DHAVE_CONFIG_H -I. -I.. -I/projects/ps-nsg/home/nsguser/applications/neuron7.4/installdir/include/nrn -I/projects/ps-nsg/home/nsguser/applications/neuron7.4/installdir/x86_64/lib -g -O2 -c kdrinter.c  -fPIC -DPIC -o .libs/kdrinter.o
"/projects/ps-nsg/home/nsguser/applications/neuron7.4/installdir/x86_64/bin/nocmodl" leakDA
"/projects/ps-nsg/home/nsguser/applications/neuron7.4/installdir/share/nrn/libtool" --tag=CC --mode=compile mpicc -DHAVE_CONFIG_H  -I. -I.. -I"/projects/ps-nsg/home/nsguser/applications/neuron7.4/installdir/include/nrn" -I"/projects/ps-nsg/home/nsguser/applications/neuron7.4/installdir/x86_64/lib"      -g -O2 -c -o leakDA.lo leakDA.c
libtool: compile:  mpicc -DHAVE_CONFIG_H -I. -I.. -I/projects/ps-nsg/home/nsguser/applications/neuron7.4/installdir/include/nrn -I/projects/ps-nsg/home/nsguser/applications/neuron7.4/installdir/x86_64/lib -g -O2 -c leakDA.c  -fPIC -DPIC -o .libs/leakDA.o
"/projects/ps-nsg/home/nsguser/applications/neuron7.4/installdir/x86_64/bin/nocmodl" leakinter
"/projects/ps-nsg/home/nsguser/applications/neuron7.4/installdir/share/nrn/libtool" --tag=CC --mode=compile mpicc -DHAVE_CONFIG_H  -I. -I.. -I"/projects/ps-nsg/home/nsguser/applications/neuron7.4/installdir/include/nrn" -I"/projects/ps-nsg/home/nsguser/applications/neuron7.4/installdir/x86_64/lib"      -g -O2 -c -o leakinter.lo leakinter.c
libtool: compile:  mpicc -DHAVE_CONFIG_H -I. -I.. -I/projects/ps-nsg/home/nsguser/applications/neuron7.4/installdir/include/nrn -I/projects/ps-nsg/home/nsguser/applications/neuron7.4/installdir/x86_64/lib -g -O2 -c leakinter.c  -fPIC -DPIC -o .libs/leakinter.o
"/projects/ps-nsg/home/nsguser/applications/neuron7.4/installdir/x86_64/bin/nocmodl" leak
"/projects/ps-nsg/home/nsguser/applications/neuron7.4/installdir/share/nrn/libtool" --tag=CC --mode=compile mpicc -DHAVE_CONFIG_H  -I. -I.. -I"/projects/ps-nsg/home/nsguser/applications/neuron7.4/installdir/include/nrn" -I"/projects/ps-nsg/home/nsguser/applications/neuron7.4/installdir/x86_64/lib"      -g -O2 -c -o leak.lo leak.c
libtool: compile:  mpicc -DHAVE_CONFIG_H -I. -I.. -I/projects/ps-nsg/home/nsguser/applications/neuron7.4/installdir/include/nrn -I/projects/ps-nsg/home/nsguser/applications/neuron7.4/installdir/x86_64/lib -g -O2 -c leak.c  -fPIC -DPIC -o .libs/leak.o
"/projects/ps-nsg/home/nsguser/applications/neuron7.4/installdir/x86_64/bin/nocmodl" na3DA
"/projects/ps-nsg/home/nsguser/applications/neuron7.4/installdir/share/nrn/libtool" --tag=CC --mode=compile mpicc -DHAVE_CONFIG_H  -I. -I.. -I"/projects/ps-nsg/home/nsguser/applications/neuron7.4/installdir/include/nrn" -I"/projects/ps-nsg/home/nsguser/applications/neuron7.4/installdir/x86_64/lib"      -g -O2 -c -o na3DA.lo na3DA.c
libtool: compile:  mpicc -DHAVE_CONFIG_H -I. -I.. -I/projects/ps-nsg/home/nsguser/applications/neuron7.4/installdir/include/nrn -I/projects/ps-nsg/home/nsguser/applications/neuron7.4/installdir/x86_64/lib -g -O2 -c na3DA.c  -fPIC -DPIC -o .libs/na3DA.o
"/projects/ps-nsg/home/nsguser/applications/neuron7.4/installdir/x86_64/bin/nocmodl" na3
"/projects/ps-nsg/home/nsguser/applications/neuron7.4/installdir/share/nrn/libtool" --tag=CC --mode=compile mpicc -DHAVE_CONFIG_H  -I. -I.. -I"/projects/ps-nsg/home/nsguser/applications/neuron7.4/installdir/include/nrn" -I"/projects/ps-nsg/home/nsguser/applications/neuron7.4/installdir/x86_64/lib"      -g -O2 -c -o na3.lo na3.c
libtool: compile:  mpicc -DHAVE_CONFIG_H -I. -I.. -I/projects/ps-nsg/home/nsguser/applications/neuron7.4/installdir/include/nrn -I/projects/ps-nsg/home/nsguser/applications/neuron7.4/installdir/x86_64/lib -g -O2 -c na3.c  -fPIC -DPIC -o .libs/na3.o
"/projects/ps-nsg/home/nsguser/applications/neuron7.4/installdir/x86_64/bin/nocmodl" nainter
Warning: Default 45 of PARAMETER ena will be ignored and set by NEURON.
"/projects/ps-nsg/home/nsguser/applications/neuron7.4/installdir/share/nrn/libtool" --tag=CC --mode=compile mpicc -DHAVE_CONFIG_H  -I. -I.. -I"/projects/ps-nsg/home/nsguser/applications/neuron7.4/installdir/include/nrn" -I"/projects/ps-nsg/home/nsguser/applications/neuron7.4/installdir/x86_64/lib"      -g -O2 -c -o nainter.lo nainter.c
libtool: compile:  mpicc -DHAVE_CONFIG_H -I. -I.. -I/projects/ps-nsg/home/nsguser/applications/neuron7.4/installdir/include/nrn -I/projects/ps-nsg/home/nsguser/applications/neuron7.4/installdir/x86_64/lib -g -O2 -c nainter.c  -fPIC -DPIC -o .libs/nainter.o
"/projects/ps-nsg/home/nsguser/applications/neuron7.4/installdir/x86_64/bin/nocmodl" nap
"/projects/ps-nsg/home/nsguser/applications/neuron7.4/installdir/share/nrn/libtool" --tag=CC --mode=compile mpicc -DHAVE_CONFIG_H  -I. -I.. -I"/projects/ps-nsg/home/nsguser/applications/neuron7.4/installdir/include/nrn" -I"/projects/ps-nsg/home/nsguser/applications/neuron7.4/installdir/x86_64/lib"      -g -O2 -c -o nap.lo nap.c
libtool: compile:  mpicc -DHAVE_CONFIG_H -I. -I.. -I/projects/ps-nsg/home/nsguser/applications/neuron7.4/installdir/include/nrn -I/projects/ps-nsg/home/nsguser/applications/neuron7.4/installdir/x86_64/lib -g -O2 -c nap.c  -fPIC -DPIC -o .libs/nap.o
"/projects/ps-nsg/home/nsguser/applications/neuron7.4/installdir/x86_64/bin/nocmodl" nat
"/projects/ps-nsg/home/nsguser/applications/neuron7.4/installdir/share/nrn/libtool" --tag=CC --mode=compile mpicc -DHAVE_CONFIG_H  -I. -I.. -I"/projects/ps-nsg/home/nsguser/applications/neuron7.4/installdir/include/nrn" -I"/projects/ps-nsg/home/nsguser/applications/neuron7.4/installdir/x86_64/lib"      -g -O2 -c -o nat.lo nat.c
libtool: compile:  mpicc -DHAVE_CONFIG_H -I. -I.. -I/projects/ps-nsg/home/nsguser/applications/neuron7.4/installdir/include/nrn -I/projects/ps-nsg/home/nsguser/applications/neuron7.4/installdir/x86_64/lib -g -O2 -c nat.c  -fPIC -DPIC -o .libs/nat.o
"/projects/ps-nsg/home/nsguser/applications/neuron7.4/installdir/x86_64/bin/nocmodl" pyrD2interD_STFD
Warning: Default 120 of PARAMETER eca will be ignored and set by NEURON.
"/projects/ps-nsg/home/nsguser/applications/neuron7.4/installdir/share/nrn/libtool" --tag=CC --mode=compile mpicc -DHAVE_CONFIG_H  -I. -I.. -I"/projects/ps-nsg/home/nsguser/applications/neuron7.4/installdir/include/nrn" -I"/projects/ps-nsg/home/nsguser/applications/neuron7.4/installdir/x86_64/lib"      -g -O2 -c -o pyrD2interD_STFD.lo pyrD2interD_STFD.c
libtool: compile:  mpicc -DHAVE_CONFIG_H -I. -I.. -I/projects/ps-nsg/home/nsguser/applications/neuron7.4/installdir/include/nrn -I/projects/ps-nsg/home/nsguser/applications/neuron7.4/installdir/x86_64/lib -g -O2 -c pyrD2interD_STFD.c  -fPIC -DPIC -o .libs/pyrD2interD_STFD.o
"/projects/ps-nsg/home/nsguser/applications/neuron7.4/installdir/x86_64/bin/nocmodl" pyrD2pyrD_STFD_new
Warning: Default 120 of PARAMETER eca will be ignored and set by NEURON.
"/projects/ps-nsg/home/nsguser/applications/neuron7.4/installdir/share/nrn/libtool" --tag=CC --mode=compile mpicc -DHAVE_CONFIG_H  -I. -I.. -I"/projects/ps-nsg/home/nsguser/applications/neuron7.4/installdir/include/nrn" -I"/projects/ps-nsg/home/nsguser/applications/neuron7.4/installdir/x86_64/lib"      -g -O2 -c -o pyrD2pyrD_STFD_new.lo pyrD2pyrD_STFD_new.c
libtool: compile:  mpicc -DHAVE_CONFIG_H -I. -I.. -I/projects/ps-nsg/home/nsguser/applications/neuron7.4/installdir/include/nrn -I/projects/ps-nsg/home/nsguser/applications/neuron7.4/installdir/x86_64/lib -g -O2 -c pyrD2pyrD_STFD_new.c  -fPIC -DPIC -o .libs/pyrD2pyrD_STFD_new.o
"/projects/ps-nsg/home/nsguser/applications/neuron7.4/installdir/x86_64/bin/nocmodl" sahp
"/projects/ps-nsg/home/nsguser/applications/neuron7.4/installdir/share/nrn/libtool" --tag=CC --mode=compile mpicc -DHAVE_CONFIG_H  -I. -I.. -I"/projects/ps-nsg/home/nsguser/applications/neuron7.4/installdir/include/nrn" -I"/projects/ps-nsg/home/nsguser/applications/neuron7.4/installdir/x86_64/lib"      -g -O2 -c -o sahp.lo sahp.c
libtool: compile:  mpicc -DHAVE_CONFIG_H -I. -I.. -I/projects/ps-nsg/home/nsguser/applications/neuron7.4/installdir/include/nrn -I/projects/ps-nsg/home/nsguser/applications/neuron7.4/installdir/x86_64/lib -g -O2 -c sahp.c  -fPIC -DPIC -o .libs/sahp.o
"/projects/ps-nsg/home/nsguser/applications/neuron7.4/installdir/x86_64/bin/nocmodl" sahpNE
"/projects/ps-nsg/home/nsguser/applications/neuron7.4/installdir/share/nrn/libtool" --tag=CC --mode=compile mpicc -DHAVE_CONFIG_H  -I. -I.. -I"/projects/ps-nsg/home/nsguser/applications/neuron7.4/installdir/include/nrn" -I"/projects/ps-nsg/home/nsguser/applications/neuron7.4/installdir/x86_64/lib"      -g -O2 -c -o sahpNE.lo sahpNE.c
libtool: compile:  mpicc -DHAVE_CONFIG_H -I. -I.. -I/projects/ps-nsg/home/nsguser/applications/neuron7.4/installdir/include/nrn -I/projects/ps-nsg/home/nsguser/applications/neuron7.4/installdir/x86_64/lib -g -O2 -c sahpNE.c  -fPIC -DPIC -o .libs/sahpNE.o
"/projects/ps-nsg/home/nsguser/applications/neuron7.4/installdir/x86_64/bin/nocmodl" vecevent
"/projects/ps-nsg/home/nsguser/applications/neuron7.4/installdir/share/nrn/libtool" --tag=CC --mode=compile mpicc -DHAVE_CONFIG_H  -I. -I.. -I"/projects/ps-nsg/home/nsguser/applications/neuron7.4/installdir/include/nrn" -I"/projects/ps-nsg/home/nsguser/applications/neuron7.4/installdir/x86_64/lib"      -g -O2 -c -o vecevent.lo vecevent.c
libtool: compile:  mpicc -DHAVE_CONFIG_H -I. -I.. -I/projects/ps-nsg/home/nsguser/applications/neuron7.4/installdir/include/nrn -I/projects/ps-nsg/home/nsguser/applications/neuron7.4/installdir/x86_64/lib -g -O2 -c vecevent.c  -fPIC -DPIC -o .libs/vecevent.o
"/projects/ps-nsg/home/nsguser/applications/neuron7.4/installdir/x86_64/bin/nocmodl" xtra_imemrec
"/projects/ps-nsg/home/nsguser/applications/neuron7.4/installdir/share/nrn/libtool" --tag=CC --mode=compile mpicc -DHAVE_CONFIG_H  -I. -I.. -I"/projects/ps-nsg/home/nsguser/applications/neuron7.4/installdir/include/nrn" -I"/projects/ps-nsg/home/nsguser/applications/neuron7.4/installdir/x86_64/lib"      -g -O2 -c -o xtra_imemrec.lo xtra_imemrec.c
libtool: compile:  mpicc -DHAVE_CONFIG_H -I. -I.. -I/projects/ps-nsg/home/nsguser/applications/neuron7.4/installdir/include/nrn -I/projects/ps-nsg/home/nsguser/applications/neuron7.4/installdir/x86_64/lib -g -O2 -c xtra_imemrec.c  -fPIC -DPIC -o .libs/xtra_imemrec.o
"/projects/ps-nsg/home/nsguser/applications/neuron7.4/installdir/x86_64/bin/nocmodl" xtra
"/projects/ps-nsg/home/nsguser/applications/neuron7.4/installdir/share/nrn/libtool" --tag=CC --mode=compile mpicc -DHAVE_CONFIG_H  -I. -I.. -I"/projects/ps-nsg/home/nsguser/applications/neuron7.4/installdir/include/nrn" -I"/projects/ps-nsg/home/nsguser/applications/neuron7.4/installdir/x86_64/lib"      -g -O2 -c -o xtra.lo xtra.c
libtool: compile:  mpicc -DHAVE_CONFIG_H -I. -I.. -I/projects/ps-nsg/home/nsguser/applications/neuron7.4/installdir/include/nrn -I/projects/ps-nsg/home/nsguser/applications/neuron7.4/installdir/x86_64/lib -g -O2 -c xtra.c  -fPIC -DPIC -o .libs/xtra.o
"/projects/ps-nsg/home/nsguser/applications/neuron7.4/installdir/share/nrn/libtool" --tag=CC --mode=compile mpicc -DHAVE_CONFIG_H  -I. -I.. -I"/projects/ps-nsg/home/nsguser/applications/neuron7.4/installdir/include/nrn" -I"/projects/ps-nsg/home/nsguser/applications/neuron7.4/installdir/x86_64/lib"      -g -O2 -c -o mod_func.lo mod_func.c
libtool: compile:  mpicc -DHAVE_CONFIG_H -I. -I.. -I/projects/ps-nsg/home/nsguser/applications/neuron7.4/installdir/include/nrn -I/projects/ps-nsg/home/nsguser/applications/neuron7.4/installdir/x86_64/lib -g -O2 -c mod_func.c  -fPIC -DPIC -o .libs/mod_func.o
"/projects/ps-nsg/home/nsguser/applications/neuron7.4/installdir/share/nrn/libtool" --tag=CC --mode=link mpicc -module  -g -O2    -o libnrnmech.la -rpath "/projects/ps-nsg/home/nsguser/applications/neuron7.4/installdir/x86_64/lib"  bg2pyr.lo cadyn.lo cal2.lo ca.lo capool.lo function_TMonitor.lo gap.lo Gfluct_new_exc.lo Gfluct_new_inh.lo h.lo im.lo interD2interD_STFD_new.lo interD2pyrD_STFD_new.lo kadist.lo kaprox.lo kdrca1DA.lo kdrca1.lo kdrinter.lo leakDA.lo leakinter.lo leak.lo na3DA.lo na3.lo nainter.lo nap.lo nat.lo pyrD2interD_STFD.lo pyrD2pyrD_STFD_new.lo sahp.lo sahpNE.lo vecevent.lo xtra_imemrec.lo xtra.lo mod_func.lo  -L"/projects/ps-nsg/home/nsguser/applications/neuron7.4/installdir/x86_64/lib" -lnrnoc -loc -lmemacs -lnrnmpi -lscopmath -lsparse13 -lreadline -lncurses -L"/projects/ps-nsg/home/nsguser/applications/neuron7.4/installdir/x86_64/lib" "/projects/ps-nsg/home/nsguser/applications/neuron7.4/installdir/x86_64/lib/libnrniv.la" -livoc -lneuron_gnu -lmeschach -lsundials -livos      -lm -ldl
libtool: link: mpicc -shared  -fPIC -DPIC  .libs/bg2pyr.o .libs/cadyn.o .libs/cal2.o .libs/ca.o .libs/capool.o .libs/function_TMonitor.o .libs/gap.o .libs/Gfluct_new_exc.o .libs/Gfluct_new_inh.o .libs/h.o .libs/im.o .libs/interD2interD_STFD_new.o .libs/interD2pyrD_STFD_new.o .libs/kadist.o .libs/kaprox.o .libs/kdrca1DA.o .libs/kdrca1.o .libs/kdrinter.o .libs/leakDA.o .libs/leakinter.o .libs/leak.o .libs/na3DA.o .libs/na3.o .libs/nainter.o .libs/nap.o .libs/nat.o .libs/pyrD2interD_STFD.o .libs/pyrD2pyrD_STFD_new.o .libs/sahp.o .libs/sahpNE.o .libs/vecevent.o .libs/xtra_imemrec.o .libs/xtra.o .libs/mod_func.o   -Wl,-rpath -Wl,/projects/ps-nsg/home/nsguser/applications/neuron7.4/installdir/x86_64/lib -Wl,-rpath -Wl,/projects/ps-nsg/home/nsguser/applications/neuron7.4/installdir/x86_64/lib -L/projects/ps-nsg/home/nsguser/applications/neuron7.4/installdir/x86_64/lib /projects/ps-nsg/home/nsguser/applications/neuron7.4/installdir/x86_64/lib/libnrnoc.so /projects/ps-nsg/home/nsguser/applications/neuron7.4/installdir/x86_64/lib/liboc.so /projects/ps-nsg/home/nsguser/applications/neuron7.4/installdir/x86_64/lib/libmemacs.so /projects/ps-nsg/home/nsguser/applications/neuron7.4/installdir/x86_64/lib/libnrnmpi.so /projects/ps-nsg/home/nsguser/applications/neuron7.4/installdir/x86_64/lib/libscopmath.so /projects/ps-nsg/home/nsguser/applications/neuron7.4/installdir/x86_64/lib/libsparse13.so -lreadline -lncurses /projects/ps-nsg/home/nsguser/applications/neuron7.4/installdir/x86_64/lib/libnrniv.so /projects/ps-nsg/home/nsguser/applications/neuron7.4/installdir/x86_64/lib/libivoc.so /projects/ps-nsg/home/nsguser/applications/neuron7.4/installdir/x86_64/lib/libneuron_gnu.so /projects/ps-nsg/home/nsguser/applications/neuron7.4/installdir/x86_64/lib/libmeschach.so /projects/ps-nsg/home/nsguser/applications/neuron7.4/installdir/x86_64/lib/libsundials.so /projects/ps-nsg/home/nsguser/applications/neuron7.4/installdir/x86_64/lib/libivos.so -lm -ldl  -O2   -pthread -Wl,-soname -Wl,libnrnmech.so.0 -o .libs/libnrnmech.so.0.0.0
libtool: link: (cd ".libs" && rm -f "libnrnmech.so.0" && ln -s "libnrnmech.so.0.0.0" "libnrnmech.so.0")
libtool: link: (cd ".libs" && rm -f "libnrnmech.so" && ln -s "libnrnmech.so.0.0.0" "libnrnmech.so")
libtool: link: ( cd ".libs" && rm -f "libnrnmech.la" && ln -s "../libnrnmech.la" "libnrnmech.la" )
Successfully created x86_64/special
nrnivmodl BLA_for_NSG_extrinsic_invivo_QW_disdelay_multielec_forNSG/mod_nsgportal succeeded
